<?xml version="1.0" encoding="UTF-8"?>
<!-- Generated by org.testng.reporters.JUnitXMLReporter -->
<testsuite ignored="0" hostname="Bava" failures="0" tests="3" name="Default test" time="44.529" errors="0" timestamp="2025-05-29T21:54:18 IST">
  <testcase classname="Testrun.Landingrun" name="verifyLandingFlow" time="5.457"/>
  <testcase classname="Testrun.Landingrun" name="LMS" time="6.673"/>
  <testcase classname="Testrun.Landingrun" name="Menu" time="27.669"/>
</testsuite> <!-- Default test -->
