<?xml version="1.0" encoding="UTF-8"?>
<!-- Generated by org.testng.reporters.JUnitXMLReporter -->
<testsuite ignored="0" hostname="Bava" failures="0" tests="4" name="Default test" time="85.982" errors="0" timestamp="2025-06-04T11:16:27 IST">
  <testcase classname="Testrun.Landingrun" name="verifyLandingFlow" time="5.21"/>
  <testcase classname="Testrun.Landingrun" name="LMS" time="6.603"/>
  <testcase classname="Testrun.Landingrun" name="Menu" time="31.551"/>
  <testcase classname="Testrun.Landingrun" name="ListView" time="38.709"/>
</testsuite> <!-- Default test -->
