<?xml version="1.0" encoding="UTF-8"?>
<testng-results ignored="0" total="3" passed="3" failed="0" skipped="0">
  <reporter-output>
  </reporter-output>
  <suite started-at="2025-05-25T19:43:23 IST" name="Default suite" finished-at="2025-05-25T19:43:53 IST" duration-ms="30331">
    <groups>
    </groups>
    <test started-at="2025-05-25T19:43:23 IST" name="Default test" finished-at="2025-05-25T19:43:53 IST" duration-ms="30331">
      <class name="Testrun.Landingrun">
        <test-method is-config="true" signature="launchBrowser()[pri:0, instance:Testrun.Landingrun@69453e37]" started-at="2025-05-25T19:43:23 IST" name="launchBrowser" finished-at="2025-05-25T19:43:30 IST" duration-ms="7506" status="PASS">
          <reporter-output>
          </reporter-output>
        </test-method> <!-- launchBrowser -->
        <test-method signature="verifyLandingFlow()[pri:1, instance:Testrun.Landingrun@69453e37]" started-at="2025-05-25T19:43:30 IST" name="verifyLandingFlow" finished-at="2025-05-25T19:43:40 IST" duration-ms="9609" status="PASS">
          <reporter-output>
          </reporter-output>
        </test-method> <!-- verifyLandingFlow -->
        <test-method signature="LMS()[pri:2, instance:Testrun.Landingrun@69453e37]" started-at="2025-05-25T19:43:40 IST" name="LMS" finished-at="2025-05-25T19:43:47 IST" duration-ms="7058" status="PASS">
          <reporter-output>
          </reporter-output>
        </test-method> <!-- LMS -->
        <test-method signature="Menu()[pri:3, instance:Testrun.Landingrun@69453e37]" started-at="2025-05-25T19:43:47 IST" name="Menu" finished-at="2025-05-25T19:43:53 IST" duration-ms="6065" status="PASS">
          <reporter-output>
          </reporter-output>
        </test-method> <!-- Menu -->
      </class> <!-- Testrun.Landingrun -->
    </test> <!-- Default test -->
  </suite> <!-- Default suite -->
</testng-results>
